<?xml version="1.0" encoding="UTF-8"?>
<!-- Generated by org.testng.reporters.JUnitReportReporter -->
<testsuite skipped="0" hostname="Mariappans-MBP" name="com.qa.Appium.Calculator.FirstAppiumTest" tests="2" failures="0" timestamp="17 Mar 2018 17:46:04 GMT" time="9.035" errors="0">
  <testcase name="Sum" time="4.728" classname="com.qa.Appium.Calculator.FirstAppiumTest"/>
  <testcase name="Multiply" time="4.307" classname="com.qa.Appium.Calculator.FirstAppiumTest"/>
</testsuite> <!-- com.qa.Appium.Calculator.FirstAppiumTest -->
